\BOOKMARK [1][-]{section.1}{\376\377\000I\000n\000t\000r\000o\000d\000u\000c\000c\000i\000\363\000n}{}% 1
\BOOKMARK [2][-]{subsection.1.1}{\376\377\000P\000l\000a\000n\000t\000e\000a\000m\000i\000e\000n\000t\000o\000\040\000d\000e\000l\000\040\000p\000r\000o\000b\000l\000e\000m\000a}{section.1}% 2
\BOOKMARK [2][-]{subsection.1.2}{\376\377\000O\000b\000j\000e\000t\000i\000v\000o\000\040\000g\000e\000n\000e\000r\000a\000l}{section.1}% 3
\BOOKMARK [2][-]{subsection.1.3}{\376\377\000O\000b\000j\000e\000t\000i\000v\000o\000s\000\040\000e\000s\000p\000e\000c\000\355\000f\000i\000c\000o\000s}{section.1}% 4
\BOOKMARK [2][-]{subsection.1.4}{\376\377\000J\000u\000s\000t\000i\000f\000i\000c\000a\000c\000i\000\363\000n}{section.1}% 5
\BOOKMARK [2][-]{subsection.1.5}{\376\377\000H\000i\000p\000\363\000t\000e\000s\000i\000s}{section.1}% 6
\BOOKMARK [1][-]{section.2}{\376\377\000D\000e\000s\000a\000r\000r\000o\000l\000l\000o}{}% 7
\BOOKMARK [2][-]{subsection.2.1}{\376\377\000P\000a\000r\000t\000i\000c\000i\000\363\000n\000\040\000d\000e\000\040\000l\000a\000\040\000S\000e\000r\000i\000e\000\040\000p\000a\000r\000a\000\040\000s\000u\000\040\000A\000n\000\341\000l\000i\000s\000i\000s}{section.2}% 8
\BOOKMARK [2][-]{subsection.2.2}{\376\377\000S\000e\000r\000i\000e\000\040\000S\000i\000n\000\040\000T\000r\000a\000n\000s\000f\000o\000r\000m\000a\000c\000i\000o\000n\000e\000s}{section.2}% 9
\BOOKMARK [2][-]{subsection.2.3}{\376\377\000D\000i\000f\000e\000r\000e\000n\000c\000i\000a\000s\000\040\000E\000s\000t\000a\000c\000i\000o\000n\000a\000l\000e\000s\000\040\000d\000e\000\040\000l\000a\000\040\000S\000e\000r\000i\000e\000\040\000S\000i\000n\000\040\000T\000r\000a\000n\000s\000f\000o\000r\000m\000a\000r}{section.2}% 10
\BOOKMARK [3][-]{subsubsection.2.3.1}{\376\377\000P\000r\000i\000m\000e\000r\000a\000\040\000D\000i\000f\000e\000r\000e\000n\000c\000i\000a\000\040\000E\000s\000t\000a\000c\000i\000o\000n\000a\000l}{subsection.2.3}% 11
\BOOKMARK [3][-]{subsubsection.2.3.2}{\376\377\000S\000e\000g\000u\000n\000d\000a\000\040\000D\000i\000f\000e\000r\000e\000n\000c\000i\000a\000\040\000E\000s\000t\000a\000c\000i\000o\000n\000a\000l}{subsection.2.3}% 12
\BOOKMARK [3][-]{subsubsection.2.3.3}{\376\377\000T\000e\000r\000c\000e\000r\000a\000\040\000D\000i\000f\000e\000r\000e\000n\000c\000i\000a\000\040\000E\000s\000t\000a\000c\000i\000o\000n\000a\000l}{subsection.2.3}% 13
\BOOKMARK [3][-]{subsubsection.2.3.4}{\376\377\000C\000o\000m\000p\000a\000r\000a\000c\000i\000\363\000n\000\040\000d\000e\000\040\000D\000e\000s\000v\000i\000a\000c\000i\000o\000n\000e\000s\000\040\000E\000s\000t\000\341\000n\000d\000a\000r\000\040\000c\000o\000n\000\040\000D\000i\000s\000t\000i\000n\000t\000a\000s\000\040\000D\000i\000f\000e\000r\000e\000n\000c\000i\000a\000s}{subsection.2.3}% 14
\BOOKMARK [2][-]{subsection.2.4}{\376\377\000S\000e\000r\000i\000e\000\040\000c\000o\000n\000\040\000T\000r\000a\000n\000s\000f\000o\000r\000m\000a\000c\000i\000\363\000n}{section.2}% 15
\BOOKMARK [3][-]{subsubsection.2.4.1}{\376\377\000E\000s\000t\000i\000m\000a\000c\000i\000\363\000n\000\040\000P\000u\000n\000t\000u\000a\000l\000\040\000d\000e\000\040\003\273}{subsection.2.4}% 16
\BOOKMARK [3][-]{subsubsection.2.4.2}{\376\377\000I\000n\000t\000e\000r\000v\000a\000l\000o\000\040\000d\000e\000\040\000C\000o\000n\000f\000i\000a\000n\000z\000a}{subsection.2.4}% 17
\BOOKMARK [3][-]{subsubsection.2.4.3}{\376\377\000S\000e\000r\000i\000e\000\040\000T\000r\000a\000n\000s\000f\000o\000r\000m\000a\000d\000a}{subsection.2.4}% 18
\BOOKMARK [2][-]{subsection.2.5}{\376\377\000D\000i\000f\000e\000r\000e\000n\000c\000i\000a\000s\000\040\000E\000s\000t\000a\000c\000i\000o\000n\000a\000l\000e\000s\000\040\000d\000e\000\040\000l\000a\000\040\000S\000e\000r\000i\000e\000\040\000c\000o\000n\000\040\000T\000r\000a\000n\000s\000f\000o\000r\000m\000a\000c\000i\000\363\000n}{section.2}% 19
\BOOKMARK [3][-]{subsubsection.2.5.1}{\376\377\000P\000r\000i\000m\000e\000r\000a\000\040\000D\000i\000f\000e\000r\000e\000n\000c\000i\000a\000\040\000E\000s\000t\000a\000c\000i\000o\000n\000a\000l}{subsection.2.5}% 20
\BOOKMARK [3][-]{subsubsection.2.5.2}{\376\377\000S\000e\000g\000u\000n\000d\000a\000\040\000D\000i\000f\000e\000r\000e\000n\000c\000i\000a\000\040\000E\000s\000t\000a\000c\000i\000o\000n\000a\000l}{subsection.2.5}% 21
\BOOKMARK [3][-]{subsubsection.2.5.3}{\376\377\000T\000e\000r\000c\000e\000r\000a\000\040\000D\000i\000f\000e\000r\000e\000n\000c\000i\000a\000\040\000E\000s\000t\000a\000c\000i\000o\000n\000a\000l}{subsection.2.5}% 22
\BOOKMARK [3][-]{subsubsection.2.5.4}{\376\377\000C\000o\000m\000p\000a\000r\000a\000c\000i\000\363\000n\000\040\000d\000e\000\040\000D\000e\000s\000v\000i\000a\000c\000i\000o\000n\000e\000s\000\040\000E\000s\000t\000\341\000n\000d\000a\000r\000\040\000c\000o\000n\000\040\000D\000i\000s\000t\000i\000n\000t\000a\000s\000\040\000D\000i\000f\000e\000r\000e\000n\000c\000i\000a\000s}{subsection.2.5}% 23
\BOOKMARK [2][-]{subsection.2.6}{\376\377\000M\000o\000d\000e\000l\000a\000d\000o}{section.2}% 24
\BOOKMARK [3][-]{subsubsection.2.6.1}{\376\377\000S\000e\000r\000i\000e\000\040\000s\000i\000n\000\040\000T\000r\000a\000n\000s\000f\000o\000r\000m\000a\000c\000i\000o\000n\000e\000s}{subsection.2.6}% 25
\BOOKMARK [3][-]{subsubsection.2.6.2}{\376\377\000S\000e\000r\000i\000e\000\040\000T\000r\000a\000n\000s\000f\000o\000r\000m\000a\000d\000a}{subsection.2.6}% 26
\BOOKMARK [2][-]{subsection.2.7}{\376\377\000M\000o\000d\000e\000l\000o\000s\000\040\000P\000r\000o\000p\000u\000e\000s\000t\000o\000s}{section.2}% 27
\BOOKMARK [3][-]{subsubsection.2.7.1}{\376\377\000P\000r\000i\000m\000e\000r\000\040\000M\000o\000d\000e\000l\000o\000\040\000p\000a\000r\000a\000\040\000l\000a\000\040\000S\000e\000r\000i\000e\000\040\000S\000i\000n\000\040\000T\000r\000a\000n\000s\000f\000o\000r\000m\000a\000r}{subsection.2.7}% 28
\BOOKMARK [3][-]{subsubsection.2.7.2}{\376\377\000S\000e\000g\000u\000n\000d\000o\000\040\000M\000o\000d\000e\000l\000o\000\040\000p\000a\000r\000a\000\040\000l\000a\000\040\000S\000e\000r\000i\000e\000\040\000S\000i\000n\000\040\000T\000r\000a\000n\000s\000f\000o\000r\000m\000a\000r}{subsection.2.7}% 29
\BOOKMARK [3][-]{subsubsection.2.7.3}{\376\377\000T\000e\000r\000c\000e\000r\000\040\000M\000o\000d\000e\000l\000o\000\040\000p\000a\000r\000a\000\040\000l\000a\000\040\000S\000e\000r\000i\000e\000\040\000S\000i\000n\000\040\000T\000r\000a\000n\000s\000f\000o\000r\000m\000a\000r}{subsection.2.7}% 30
\BOOKMARK [3][-]{subsubsection.2.7.4}{\376\377\000C\000u\000a\000r\000t\000o\000\040\000M\000o\000d\000e\000l\000o\000\040\000p\000a\000r\000a\000\040\000l\000a\000\040\000S\000e\000r\000i\000e\000\040\000S\000i\000n\000\040\000T\000r\000a\000n\000s\000f\000o\000r\000m\000a\000r}{subsection.2.7}% 31
\BOOKMARK [3][-]{subsubsection.2.7.5}{\376\377\000P\000r\000i\000m\000e\000r\000\040\000M\000o\000d\000e\000l\000o\000\040\000P\000r\000o\000p\000u\000e\000s\000t\000o\000\040\000p\000a\000r\000a\000\040\000l\000a\000\040\000S\000e\000r\000i\000e\000\040\000T\000r\000a\000n\000s\000f\000o\000r\000m\000a\000d\000a}{subsection.2.7}% 32
\BOOKMARK [3][-]{subsubsection.2.7.6}{\376\377\000S\000e\000g\000u\000n\000d\000o\000\040\000M\000o\000d\000e\000l\000o\000\040\000P\000r\000o\000p\000u\000e\000s\000t\000o\000\040\000p\000a\000r\000a\000\040\000l\000a\000\040\000S\000e\000r\000i\000e\000\040\000T\000r\000a\000n\000s\000f\000o\000r\000m\000a\000d\000a}{subsection.2.7}% 33
\BOOKMARK [2][-]{subsection.2.8}{\376\377\000M\000o\000d\000e\000l\000o\000\040\000S\000e\000l\000e\000c\000c\000i\000o\000n\000a\000d\000o}{section.2}% 34
\BOOKMARK [2][-]{subsection.2.9}{\376\377\000P\000r\000o\000n\000\363\000s\000t\000i\000c\000o}{section.2}% 35
\BOOKMARK [3][-]{subsubsection.2.9.1}{\376\377\000M\000\351\000t\000o\000d\000o\000\040\000F\000o\000r\000e\000c\000a\000s\000t}{subsection.2.9}% 36
\BOOKMARK [3][-]{subsubsection.2.9.2}{\376\377\000P\000r\000o\000n\000\363\000s\000t\000i\000c\000o\000\040\000\323\000p\000t\000i\000m\000o}{subsection.2.9}% 37
\BOOKMARK [2][-]{subsection.2.10}{\376\377\000A\000c\000t\000u\000a\000l\000i\000z\000a\000c\000i\000\363\000n\000\040\000d\000e\000\040\000P\000r\000o\000n\000\363\000s\000t\000i\000c\000o}{section.2}% 38
\BOOKMARK [3][-]{subsubsection.2.10.1}{\376\377\000M\000\351\000t\000o\000d\000o\000\040\000F\000o\000r\000e\000c\000a\000s\000t}{subsection.2.10}% 39
\BOOKMARK [3][-]{subsubsection.2.10.2}{\376\377\000A\000c\000t\000u\000a\000l\000i\000z\000a\000c\000i\000\363\000n\000\040\000d\000e\000\040\000P\000r\000o\000n\000\363\000s\000t\000i\000c\000o}{subsection.2.10}% 40
\BOOKMARK [3][-]{subsubsection.2.10.3}{\376\377\000C\000o\000m\000p\000a\000r\000a\000c\000i\000\363\000n}{subsection.2.10}% 41
\BOOKMARK [1][-]{section.3}{\376\377\000C\000o\000n\000c\000l\000u\000s\000i\000o\000n\000e\000s}{}% 42
\BOOKMARK [1][-]{section.4}{\376\377\000R\000e\000f\000e\000r\000e\000n\000c\000i\000a\000s}{}% 43
